2020.09.15 17:13:07 INFO  started: Metals version 0.9.3 in workspace '/Users/dchauras/Documents/POC' for client vscode.
2020.09.15 17:13:07 INFO  time: initialize in 0.3s
2020.09.15 17:13:07 WARN  no build tool detected in workspace '/Users/dchauras/Documents/POC'. The most common cause for this problem is that the editor was opened in the wrong working directory, for example if you use sbt then the workspace directory should contain build.sbt. 
2020.09.15 17:13:07 INFO  no build target: using presentation compiler with only scala-library
2020.09.15 17:13:09 WARN  no build target for: /Users/dchauras/Documents/POC/BE/play-scala-seed/app/controllers/DoctorController.scala
2020.09.15 17:13:25 WARN  no build target for: /Users/dchauras/Documents/POC/BE/play-scala-seed/app/controllers/DoctorController.scala
Sep 15, 2020 5:13:29 PM scala.meta.internal.pc.CompilerAccess retryWithCleanCompiler
INFO: compiler crashed due to an error in the Scala compiler, retrying with new compiler instance.
Sep 15, 2020 5:13:29 PM scala.meta.internal.pc.CompilerAccess handleError
SEVERE: null
java.lang.NullPointerException
	at scala.reflect.internal.Definitions$DefinitionsClass.isByNameParamType(Definitions.scala:417)
	at scala.reflect.internal.TreeInfo.isStableIdent(TreeInfo.scala:138)
	at scala.reflect.internal.TreeInfo.isStableIdentifier(TreeInfo.scala:113)
	at scala.reflect.internal.TreeInfo.isPath(TreeInfo.scala:102)
	at scala.reflect.internal.TreeInfo.admitsTypeSelection(TreeInfo.scala:156)
	at scala.tools.nsc.interactive.Global.stabilizedType(Global.scala:959)
	at scala.tools.nsc.interactive.Global.typedTreeAt(Global.scala:807)
	at scala.meta.internal.pc.SignatureHelpProvider.signatureHelp(SignatureHelpProvider.scala:23)

2020.09.15 17:13:32 WARN  no build target for: /Users/dchauras/Documents/POC/BE/play-scala-seed/app/controllers/DoctorController.scala
2020.09.15 17:13:40 WARN  no build target for: /Users/dchauras/Documents/POC/BE/play-scala-seed/app/controllers/DoctorController.scala
2020.09.15 17:13:42 WARN  no build target for: /Users/dchauras/Documents/POC/BE/play-scala-seed/app/controllers/DoctorController.scala
2020.09.15 17:13:50 WARN  no build target for: /Users/dchauras/Documents/POC/BE/play-scala-seed/app/controllers/DoctorController.scala
2020.09.15 17:13:57 WARN  no build target for: /Users/dchauras/Documents/POC/BE/play-scala-seed/app/controllers/DoctorController.scala
2020.09.15 17:14:02 WARN  no build target for: /Users/dchauras/Documents/POC/BE/play-scala-seed/app/controllers/DoctorController.scala
2020.09.15 17:14:05 WARN  no build target for: /Users/dchauras/Documents/POC/BE/play-scala-seed/app/controllers/DoctorController.scala
2020.09.15 17:14:07 WARN  no build target for: /Users/dchauras/Documents/POC/BE/play-scala-seed/app/controllers/DoctorController.scala
2020.09.15 17:14:08 WARN  no build target for: /Users/dchauras/Documents/POC/BE/play-scala-seed/app/controllers/DoctorController.scala
2020.09.15 17:14:11 WARN  no build target for: /Users/dchauras/Documents/POC/BE/play-scala-seed/app/controllers/DoctorController.scala
2020.09.15 17:14:14 WARN  no build target for: /Users/dchauras/Documents/POC/BE/play-scala-seed/app/controllers/DoctorController.scala
2020.09.15 17:14:18 WARN  no build target for: /Users/dchauras/Documents/POC/BE/play-scala-seed/app/controllers/DoctorController.scala
2020.09.15 17:14:23 WARN  no build target for: /Users/dchauras/Documents/POC/BE/play-scala-seed/app/controllers/DoctorController.scala
2020.09.15 17:14:27 WARN  no build target for: /Users/dchauras/Documents/POC/BE/play-scala-seed/app/controllers/DoctorController.scala
2020.09.15 17:14:35 WARN  no build target for: /Users/dchauras/Documents/POC/BE/play-scala-seed/app/controllers/DoctorController.scala
2020.09.15 17:14:35 WARN  no build target for: /Users/dchauras/Documents/POC/BE/play-scala-seed/app/controllers/DoctorController.scala
2020.09.15 17:14:39 WARN  no build tool detected in workspace '/Users/dchauras/Documents/POC'. The most common cause for this problem is that the editor was opened in the wrong working directory, for example if you use sbt then the workspace directory should contain build.sbt. 
2020.09.15 17:14:42 WARN  no build target for: /Users/dchauras/Documents/POC/BE/play-scala-seed/app/controllers/DoctorController.scala
2020.09.15 17:14:42 WARN  no build target for: /Users/dchauras/Documents/POC/BE/play-scala-seed/app/controllers/DoctorController.scala
2020.09.15 17:14:42 WARN  no build target for: /Users/dchauras/Documents/POC/BE/play-scala-seed/app/controllers/DoctorController.scala
2020.09.15 17:14:43 WARN  no build target for: /Users/dchauras/Documents/POC/BE/play-scala-seed/app/controllers/DoctorController.scala
2020.09.15 17:14:43 WARN  no build target for: /Users/dchauras/Documents/POC/BE/play-scala-seed/app/controllers/DoctorController.scala
2020.09.15 17:14:43 WARN  no build target for: /Users/dchauras/Documents/POC/BE/play-scala-seed/app/controllers/DoctorController.scala
2020.09.15 17:16:13 WARN  no build target for: /Users/dchauras/Documents/POC/BE/play-scala-seed/app/controllers/DoctorController.scala
2020.09.15 17:16:13 WARN  no build target for: /Users/dchauras/Documents/POC/BE/play-scala-seed/app/controllers/DoctorController.scala
2020.09.15 17:16:31 WARN  no build target for: /Users/dchauras/Documents/POC/BE/play-scala-seed/app/controllers/DoctorController.scala
2020.09.15 17:16:31 WARN  no build target for: /Users/dchauras/Documents/POC/BE/play-scala-seed/app/controllers/DoctorController.scala
2020.09.15 17:16:37 WARN  no build target for: /Users/dchauras/Documents/POC/BE/play-scala-seed/app/controllers/DoctorController.scala
2020.09.15 17:16:41 WARN  no build target for: /Users/dchauras/Documents/POC/BE/play-scala-seed/app/controllers/DoctorController.scala
2020.09.15 17:16:41 WARN  no build target for: /Users/dchauras/Documents/POC/BE/play-scala-seed/app/controllers/DoctorController.scala
2020.09.15 17:16:41 WARN  no build target for: /Users/dchauras/Documents/POC/BE/play-scala-seed/app/controllers/DoctorController.scala
2020.09.15 17:17:38 WARN  no build target for: /Users/dchauras/Documents/POC/BE/play-scala-seed/app/models/Doctor.scala
2020.09.15 17:17:45 WARN  no build target for: /Users/dchauras/Documents/POC/BE/play-scala-seed/app/models/Doctor.scala
2020.09.15 17:17:48 WARN  no build target for: /Users/dchauras/Documents/POC/BE/play-scala-seed/app/models/Doctor.scala
2020.09.15 17:17:49 WARN  no build target for: /Users/dchauras/Documents/POC/BE/play-scala-seed/app/models/Doctor.scala
2020.09.15 17:17:49 WARN  no build target for: /Users/dchauras/Documents/POC/BE/play-scala-seed/app/models/Doctor.scala
2020.09.15 17:17:49 WARN  no build target for: /Users/dchauras/Documents/POC/BE/play-scala-seed/app/models/Doctor.scala
2020.09.15 17:17:49 WARN  no build target for: /Users/dchauras/Documents/POC/BE/play-scala-seed/app/models/Doctor.scala
2020.09.15 17:17:49 WARN  no build target for: /Users/dchauras/Documents/POC/BE/play-scala-seed/app/models/Doctor.scala
2020.09.15 17:21:50 WARN  no build target for: /Users/dchauras/Documents/POC/BE/play-scala-seed/app/controllers/DoctorController.scala
2020.09.15 17:21:53 WARN  no build target for: /Users/dchauras/Documents/POC/BE/play-scala-seed/app/controllers/DoctorController.scala
2020.09.15 17:21:54 WARN  no build target for: /Users/dchauras/Documents/POC/BE/play-scala-seed/app/controllers/DoctorController.scala
2020.09.15 17:21:57 WARN  no build tool detected in workspace '/Users/dchauras/Documents/POC'. The most common cause for this problem is that the editor was opened in the wrong working directory, for example if you use sbt then the workspace directory should contain build.sbt. 
2020.09.15 17:21:57 WARN  no build target for: /Users/dchauras/Documents/POC/BE/play-scala-seed/app/controllers/DoctorController.scala
2020.09.15 17:21:57 WARN  no build target for: /Users/dchauras/Documents/POC/BE/play-scala-seed/app/controllers/DoctorController.scala
2020.09.15 17:21:57 WARN  no build target for: /Users/dchauras/Documents/POC/BE/play-scala-seed/app/controllers/DoctorController.scala
2020.09.15 17:21:57 WARN  no build tool detected in workspace '/Users/dchauras/Documents/POC'. The most common cause for this problem is that the editor was opened in the wrong working directory, for example if you use sbt then the workspace directory should contain build.sbt. 
2020.09.15 17:24:31 WARN  no build target for: /Users/dchauras/Documents/POC/BE/play-scala-seed/app/models/Doctor.scala
2020.09.15 17:24:32 WARN  no build target for: /Users/dchauras/Documents/POC/BE/play-scala-seed/app/models/Doctor.scala
2020.09.15 17:24:36 WARN  no build target for: /Users/dchauras/Documents/POC/BE/play-scala-seed/app/models/Doctor.scala
2020.09.15 17:24:40 WARN  no build target for: /Users/dchauras/Documents/POC/BE/play-scala-seed/app/models/Doctor.scala
2020.09.15 17:24:45 WARN  no build target for: /Users/dchauras/Documents/POC/BE/play-scala-seed/app/models/Doctor.scala
2020.09.15 17:24:48 WARN  no build target for: /Users/dchauras/Documents/POC/BE/play-scala-seed/app/models/Doctor.scala
2020.09.15 17:24:54 WARN  no build target for: /Users/dchauras/Documents/POC/BE/play-scala-seed/app/models/Doctor.scala
2020.09.15 17:24:54 WARN  no build target for: /Users/dchauras/Documents/POC/BE/play-scala-seed/app/models/Doctor.scala
2020.09.15 17:24:54 WARN  no build target for: /Users/dchauras/Documents/POC/BE/play-scala-seed/app/models/Doctor.scala
2020.09.15 17:25:05 WARN  no build target for: /Users/dchauras/Documents/POC/BE/play-scala-seed/app/models/Doctor.scala
2020.09.15 17:25:08 WARN  no build target for: /Users/dchauras/Documents/POC/BE/play-scala-seed/app/models/Doctor.scala
2020.09.15 17:25:08 WARN  no build target for: /Users/dchauras/Documents/POC/BE/play-scala-seed/app/models/Doctor.scala
2020.09.15 17:25:08 WARN  no build target for: /Users/dchauras/Documents/POC/BE/play-scala-seed/app/models/Doctor.scala
2020.09.15 17:25:09 WARN  no build target for: /Users/dchauras/Documents/POC/BE/play-scala-seed/app/models/Doctor.scala
Sep 15, 2020 5:25:09 PM org.eclipse.lsp4j.jsonrpc.RemoteEndpoint handleCancellation
WARNING: Unmatched cancel notification for request id 781
2020.09.15 17:25:09 WARN  no build target for: /Users/dchauras/Documents/POC/BE/play-scala-seed/app/models/Doctor.scala
2020.09.15 17:25:09 WARN  no build target for: /Users/dchauras/Documents/POC/BE/play-scala-seed/app/models/Doctor.scala
2020.09.15 17:25:10 WARN  no build target for: /Users/dchauras/Documents/POC/BE/play-scala-seed/app/models/Doctor.scala
2020.09.15 17:25:10 WARN  no build target for: /Users/dchauras/Documents/POC/BE/play-scala-seed/app/models/Doctor.scala
2020.09.15 17:25:10 WARN  no build target for: /Users/dchauras/Documents/POC/BE/play-scala-seed/app/models/Doctor.scala
2020.09.15 17:25:18 WARN  no build target for: /Users/dchauras/Documents/POC/BE/play-scala-seed/app/models/Doctor.scala
2020.09.15 17:25:18 WARN  no build target for: /Users/dchauras/Documents/POC/BE/play-scala-seed/app/models/Doctor.scala
2020.09.15 17:25:18 WARN  no build target for: /Users/dchauras/Documents/POC/BE/play-scala-seed/app/models/Doctor.scala
2020.09.15 17:25:45 WARN  no build target for: /Users/dchauras/Documents/POC/BE/play-scala-seed/app/controllers/DoctorController.scala
2020.09.15 17:25:45 WARN  no build target for: /Users/dchauras/Documents/POC/BE/play-scala-seed/app/controllers/DoctorController.scala
2020.09.15 17:25:46 WARN  no build target for: /Users/dchauras/Documents/POC/BE/play-scala-seed/app/controllers/DoctorController.scala
2020.09.15 17:25:46 WARN  no build target for: /Users/dchauras/Documents/POC/BE/play-scala-seed/app/controllers/DoctorController.scala
2020.09.15 17:25:46 WARN  no build target for: /Users/dchauras/Documents/POC/BE/play-scala-seed/app/controllers/DoctorController.scala
2020.09.15 17:25:46 WARN  no build target for: /Users/dchauras/Documents/POC/BE/play-scala-seed/app/controllers/DoctorController.scala
2020.09.15 17:26:14 WARN  no build target for: /Users/dchauras/Documents/POC/BE/play-scala-seed/app/controllers/DoctorController.scala
2020.09.15 17:26:20 WARN  no build target for: /Users/dchauras/Documents/POC/BE/play-scala-seed/app/controllers/DoctorController.scala
2020.09.15 17:26:26 WARN  no build target for: /Users/dchauras/Documents/POC/BE/play-scala-seed/app/controllers/DoctorController.scala
2020.09.15 17:26:31 WARN  no build target for: /Users/dchauras/Documents/POC/BE/play-scala-seed/app/controllers/DoctorController.scala
2020.09.15 17:26:34 WARN  no build target for: /Users/dchauras/Documents/POC/BE/play-scala-seed/app/controllers/DoctorController.scala
2020.09.15 17:26:36 WARN  no build target for: /Users/dchauras/Documents/POC/BE/play-scala-seed/app/controllers/DoctorController.scala
2020.09.15 17:26:45 WARN  no build target for: /Users/dchauras/Documents/POC/BE/play-scala-seed/app/controllers/DoctorController.scala
2020.09.15 17:26:47 WARN  no build target for: /Users/dchauras/Documents/POC/BE/play-scala-seed/app/controllers/DoctorController.scala
2020.09.15 17:26:51 WARN  no build target for: /Users/dchauras/Documents/POC/BE/play-scala-seed/app/controllers/DoctorController.scala
2020.09.15 17:26:55 WARN  no build target for: /Users/dchauras/Documents/POC/BE/play-scala-seed/app/controllers/DoctorController.scala
2020.09.15 17:26:55 WARN  no build target for: /Users/dchauras/Documents/POC/BE/play-scala-seed/app/controllers/DoctorController.scala
2020.09.15 17:26:55 WARN  no build target for: /Users/dchauras/Documents/POC/BE/play-scala-seed/app/controllers/DoctorController.scala
2020.09.15 17:27:18 WARN  no build target for: /Users/dchauras/Documents/POC/BE/play-scala-seed/app/controllers/DoctorController.scala
2020.09.15 17:27:22 WARN  no build target for: /Users/dchauras/Documents/POC/BE/play-scala-seed/app/controllers/DoctorController.scala
2020.09.15 17:27:31 WARN  no build target for: /Users/dchauras/Documents/POC/BE/play-scala-seed/app/controllers/DoctorController.scala
2020.09.15 17:27:36 WARN  no build target for: /Users/dchauras/Documents/POC/BE/play-scala-seed/app/controllers/DoctorController.scala
2020.09.15 17:27:43 WARN  no build tool detected in workspace '/Users/dchauras/Documents/POC'. The most common cause for this problem is that the editor was opened in the wrong working directory, for example if you use sbt then the workspace directory should contain build.sbt. 
2020.09.15 17:27:47 WARN  no build tool detected in workspace '/Users/dchauras/Documents/POC'. The most common cause for this problem is that the editor was opened in the wrong working directory, for example if you use sbt then the workspace directory should contain build.sbt. 
2020.09.15 17:27:47 WARN  no build target for: /Users/dchauras/Documents/POC/BE/play-scala-seed/app/controllers/DoctorController.scala
2020.09.15 17:27:47 WARN  no build target for: /Users/dchauras/Documents/POC/BE/play-scala-seed/app/controllers/DoctorController.scala
2020.09.15 17:27:47 WARN  no build target for: /Users/dchauras/Documents/POC/BE/play-scala-seed/app/controllers/DoctorController.scala
2020.09.15 17:27:47 WARN  no build target for: /Users/dchauras/Documents/POC/BE/play-scala-seed/app/controllers/DoctorController.scala
2020.09.15 17:27:56 WARN  no build tool detected in workspace '/Users/dchauras/Documents/POC'. The most common cause for this problem is that the editor was opened in the wrong working directory, for example if you use sbt then the workspace directory should contain build.sbt. 
2020.09.15 17:27:56 WARN  no build tool detected in workspace '/Users/dchauras/Documents/POC'. The most common cause for this problem is that the editor was opened in the wrong working directory, for example if you use sbt then the workspace directory should contain build.sbt. 
2020.09.15 17:27:58 WARN  no build tool detected in workspace '/Users/dchauras/Documents/POC'. The most common cause for this problem is that the editor was opened in the wrong working directory, for example if you use sbt then the workspace directory should contain build.sbt. 
2020.09.15 17:28:03 WARN  no build target for: /Users/dchauras/Documents/POC/BE/play-scala-seed/app/controllers/DoctorController.scala
2020.09.15 17:28:40 WARN  no build target for: /Users/dchauras/Documents/POC/BE/play-scala-seed/app/controllers/DoctorController.scala
2020.09.15 17:28:42 WARN  no build target for: /Users/dchauras/Documents/POC/BE/play-scala-seed/app/controllers/DoctorController.scala
2020.09.15 17:28:44 WARN  no build target for: /Users/dchauras/Documents/POC/BE/play-scala-seed/app/controllers/DoctorController.scala
2020.09.15 17:29:29 WARN  no build target for: /Users/dchauras/Documents/POC/BE/play-scala-seed/app/controllers/DoctorController.scala
2020.09.15 17:29:29 WARN  no build target for: /Users/dchauras/Documents/POC/BE/play-scala-seed/app/controllers/DoctorController.scala
2020.09.15 17:29:32 WARN  no build target for: /Users/dchauras/Documents/POC/BE/play-scala-seed/app/controllers/DoctorController.scala
2020.09.15 17:29:32 WARN  no build target for: /Users/dchauras/Documents/POC/BE/play-scala-seed/app/controllers/DoctorController.scala
2020.09.15 17:29:32 WARN  no build target for: /Users/dchauras/Documents/POC/BE/play-scala-seed/app/controllers/DoctorController.scala
2020.09.15 17:29:32 WARN  no build target for: /Users/dchauras/Documents/POC/BE/play-scala-seed/app/controllers/DoctorController.scala
2020.09.15 17:29:32 WARN  no build target for: /Users/dchauras/Documents/POC/BE/play-scala-seed/app/controllers/DoctorController.scala
Sep 15, 2020 5:36:55 PM org.eclipse.lsp4j.jsonrpc.services.GenericEndpoint notify
INFO: Unsupported notification method: $/setTraceNotification
2020.09.15 17:40:45 WARN  no build target for: /Users/dchauras/Documents/POC/BE/play-scala-seed/app/models/CustomerRepo.scala
2020.09.15 17:40:53 WARN  no build target for: /Users/dchauras/Documents/POC/BE/play-scala-seed/app/models/CustomerRepo.scala
2020.09.15 17:40:54 WARN  no build target for: /Users/dchauras/Documents/POC/BE/play-scala-seed/app/models/CustomerRepo.scala
2020.09.15 17:40:58 WARN  no build target for: /Users/dchauras/Documents/POC/BE/play-scala-seed/app/models/CustomerRepo.scala
2020.09.15 17:40:58 WARN  no build target for: /Users/dchauras/Documents/POC/BE/play-scala-seed/app/models/CustomerRepo.scala
2020.09.15 17:41:15 WARN  no build target for: /Users/dchauras/Documents/POC/BE/play-scala-seed/app/models/CustomerRepo.scala
2020.09.15 17:41:28 WARN  no build target for: /Users/dchauras/Documents/POC/BE/play-scala-seed/app/models/CustomerRepo.scala
2020.09.15 17:41:31 WARN  no build target for: /Users/dchauras/Documents/POC/BE/play-scala-seed/app/models/CustomerRepo.scala
2020.09.15 17:41:32 WARN  no build target for: /Users/dchauras/Documents/POC/BE/play-scala-seed/app/models/CustomerRepo.scala
2020.09.15 17:41:45 WARN  no build target for: /Users/dchauras/Documents/POC/BE/play-scala-seed/app/models/CustomerRepo.scala
2020.09.15 17:41:48 WARN  no build target for: /Users/dchauras/Documents/POC/BE/play-scala-seed/app/models/CustomerRepo.scala
2020.09.15 17:41:48 INFO  shutting down Metals
2020.09.15 17:45:09 INFO  started: Metals version 0.9.3 in workspace '/Users/dchauras/Documents/POC' for client vscode.
2020.09.15 17:45:09 INFO  time: initialize in 0.32s
2020.09.15 17:45:09 WARN  no build tool detected in workspace '/Users/dchauras/Documents/POC'. The most common cause for this problem is that the editor was opened in the wrong working directory, for example if you use sbt then the workspace directory should contain build.sbt. 
2020.09.16 13:25:40 INFO  shutting down Metals
